<?xml version="1.0" encoding="UTF-8"?>
<!-- Generated by org.testng.reporters.JUnitReportReporter -->
<testsuite hostname="AmolPC" failures="0" tests="2" name="E2EProject.Loginpage_Test" time="2.350" errors="0" timestamp="2022-05-15T19:47:48 IST" skipped="0">
  <testcase classname="E2EProject.Loginpage_Test" name="verfyloginsuccess" time="0.034"/>
  <system-out/>
  <testcase classname="E2EProject.Loginpage_Test" name="verfyloginsuccess" time="2.316"/>
  <system-out/>
</testsuite> <!-- E2EProject.Loginpage_Test -->
