<?xml version="1.0" encoding="UTF-8"?>
<!-- Generated by org.testng.reporters.JUnitReportReporter -->
<testsuite hostname="AmolPC" failures="0" tests="2" name="E2EProject.WebTitle_Test" time="0.219" errors="0" timestamp="2022-05-13T13:53:46 IST" skipped="0">
  <testcase classname="E2EProject.WebTitle_Test" name="navigationbar" time="0.158"/>
  <system-out/>
  <testcase classname="E2EProject.WebTitle_Test" name="TitleTest" time="0.061"/>
  <system-out/>
</testsuite> <!-- E2EProject.WebTitle_Test -->
